<?xml version="1.0" encoding="UTF-8"?>
<!-- Generated by org.testng.reporters.JUnitReportReporter -->
<testsuite skipped="1" hostname="ip-172-31-64-72" name="test.LoginTest" tests="2" failures="0" timestamp="2021-06-27T04:10:10 UTC" time="5.451" errors="0">
  <testcase name="LoginTestCase2" time="5.451" classname="test.LoginTest"/>
  <system-out/>
  <testcase name="LoginTestCase" classname="test.LoginTest">
    <skipped/>
  </testcase> <!-- LoginTestCase -->
  <system-out/>
</testsuite> <!-- test.LoginTest -->
